<?xml version="1.0" encoding="UTF-8"?>
<testsuite xmlns:xsi="http://www.w3.org/2001/XMLSchema-instance" xsi:noNamespaceSchemaLocation="https://maven.apache.org/surefire/maven-surefire-plugin/xsd/surefire-test-report-3.0.xsd" version="3.0" name="com.reto.tecnico.wilmer.sermaluc.SermalucApplicationTests" time="7.773" tests="1" errors="0" skipped="0" failures="0">
  <properties>
    <property name="java.specification.version" value="17"/>
    <property name="sun.cpu.isalist" value="amd64"/>
    <property name="sun.jnu.encoding" value="UTF-8"/>
    <property name="java.class.path" value="D:\Proyectos\retos-tecnicos\SERMALUC\prueba-tecnica-sermaluc\target\test-classes;D:\Proyectos\retos-tecnicos\SERMALUC\prueba-tecnica-sermaluc\target\classes;C:\Users\Wilmer\.m2\repositoryPandero\org\springframework\boot\spring-boot-starter-web\3.2.2\spring-boot-starter-web-3.2.2.jar;C:\Users\Wilmer\.m2\repositoryPandero\org\springframework\boot\spring-boot-starter\3.2.2\spring-boot-starter-3.2.2.jar;C:\Users\Wilmer\.m2\repositoryPandero\org\springframework\boot\spring-boot\3.2.2\spring-boot-3.2.2.jar;C:\Users\Wilmer\.m2\repositoryPandero\org\springframework\boot\spring-boot-autoconfigure\3.2.2\spring-boot-autoconfigure-3.2.2.jar;C:\Users\Wilmer\.m2\repositoryPandero\org\springframework\boot\spring-boot-starter-logging\3.2.2\spring-boot-starter-logging-3.2.2.jar;C:\Users\Wilmer\.m2\repositoryPandero\ch\qos\logback\logback-classic\1.4.14\logback-classic-1.4.14.jar;C:\Users\Wilmer\.m2\repositoryPandero\ch\qos\logback\logback-core\1.4.14\logback-core-1.4.14.jar;C:\Users\Wilmer\.m2\repositoryPandero\org\apache\logging\log4j\log4j-to-slf4j\2.21.1\log4j-to-slf4j-2.21.1.jar;C:\Users\Wilmer\.m2\repositoryPandero\org\apache\logging\log4j\log4j-api\2.21.1\log4j-api-2.21.1.jar;C:\Users\Wilmer\.m2\repositoryPandero\org\slf4j\jul-to-slf4j\2.0.11\jul-to-slf4j-2.0.11.jar;C:\Users\Wilmer\.m2\repositoryPandero\jakarta\annotation\jakarta.annotation-api\2.1.1\jakarta.annotation-api-2.1.1.jar;C:\Users\Wilmer\.m2\repositoryPandero\org\yaml\snakeyaml\2.2\snakeyaml-2.2.jar;C:\Users\Wilmer\.m2\repositoryPandero\org\springframework\boot\spring-boot-starter-json\3.2.2\spring-boot-starter-json-3.2.2.jar;C:\Users\Wilmer\.m2\repositoryPandero\com\fasterxml\jackson\datatype\jackson-datatype-jdk8\2.15.3\jackson-datatype-jdk8-2.15.3.jar;C:\Users\Wilmer\.m2\repositoryPandero\com\fasterxml\jackson\datatype\jackson-datatype-jsr310\2.15.3\jackson-datatype-jsr310-2.15.3.jar;C:\Users\Wilmer\.m2\repositoryPandero\com\fasterxml\jackson\module\jackson-module-parameter-names\2.15.3\jackson-module-parameter-names-2.15.3.jar;C:\Users\Wilmer\.m2\repositoryPandero\org\springframework\boot\spring-boot-starter-tomcat\3.2.2\spring-boot-starter-tomcat-3.2.2.jar;C:\Users\Wilmer\.m2\repositoryPandero\org\apache\tomcat\embed\tomcat-embed-core\10.1.18\tomcat-embed-core-10.1.18.jar;C:\Users\Wilmer\.m2\repositoryPandero\org\apache\tomcat\embed\tomcat-embed-websocket\10.1.18\tomcat-embed-websocket-10.1.18.jar;C:\Users\Wilmer\.m2\repositoryPandero\org\springframework\spring-web\6.1.3\spring-web-6.1.3.jar;C:\Users\Wilmer\.m2\repositoryPandero\org\springframework\spring-beans\6.1.3\spring-beans-6.1.3.jar;C:\Users\Wilmer\.m2\repositoryPandero\org\springframework\spring-webmvc\6.1.3\spring-webmvc-6.1.3.jar;C:\Users\Wilmer\.m2\repositoryPandero\org\springframework\spring-context\6.1.3\spring-context-6.1.3.jar;C:\Users\Wilmer\.m2\repositoryPandero\org\springframework\spring-expression\6.1.3\spring-expression-6.1.3.jar;C:\Users\Wilmer\.m2\repositoryPandero\org\springframework\boot\spring-boot-starter-data-jpa\3.2.2\spring-boot-starter-data-jpa-3.2.2.jar;C:\Users\Wilmer\.m2\repositoryPandero\org\springframework\boot\spring-boot-starter-aop\3.2.2\spring-boot-starter-aop-3.2.2.jar;C:\Users\Wilmer\.m2\repositoryPandero\org\aspectj\aspectjweaver\1.9.21\aspectjweaver-1.9.21.jar;C:\Users\Wilmer\.m2\repositoryPandero\org\springframework\boot\spring-boot-starter-jdbc\3.2.2\spring-boot-starter-jdbc-3.2.2.jar;C:\Users\Wilmer\.m2\repositoryPandero\com\zaxxer\HikariCP\5.0.1\HikariCP-5.0.1.jar;C:\Users\Wilmer\.m2\repositoryPandero\org\springframework\spring-jdbc\6.1.3\spring-jdbc-6.1.3.jar;C:\Users\Wilmer\.m2\repositoryPandero\org\hibernate\orm\hibernate-core\6.4.1.Final\hibernate-core-6.4.1.Final.jar;C:\Users\Wilmer\.m2\repositoryPandero\jakarta\persistence\jakarta.persistence-api\3.1.0\jakarta.persistence-api-3.1.0.jar;C:\Users\Wilmer\.m2\repositoryPandero\jakarta\transaction\jakarta.transaction-api\2.0.1\jakarta.transaction-api-2.0.1.jar;C:\Users\Wilmer\.m2\repositoryPandero\org\jboss\logging\jboss-logging\3.5.3.Final\jboss-logging-3.5.3.Final.jar;C:\Users\Wilmer\.m2\repositoryPandero\org\hibernate\common\hibernate-commons-annotations\6.0.6.Final\hibernate-commons-annotations-6.0.6.Final.jar;C:\Users\Wilmer\.m2\repositoryPandero\io\smallrye\jandex\3.1.2\jandex-3.1.2.jar;C:\Users\Wilmer\.m2\repositoryPandero\com\fasterxml\classmate\1.6.0\classmate-1.6.0.jar;C:\Users\Wilmer\.m2\repositoryPandero\net\bytebuddy\byte-buddy\1.14.11\byte-buddy-1.14.11.jar;C:\Users\Wilmer\.m2\repositoryPandero\org\glassfish\jaxb\jaxb-runtime\4.0.4\jaxb-runtime-4.0.4.jar;C:\Users\Wilmer\.m2\repositoryPandero\org\glassfish\jaxb\jaxb-core\4.0.4\jaxb-core-4.0.4.jar;C:\Users\Wilmer\.m2\repositoryPandero\org\eclipse\angus\angus-activation\2.0.1\angus-activation-2.0.1.jar;C:\Users\Wilmer\.m2\repositoryPandero\org\glassfish\jaxb\txw2\4.0.4\txw2-4.0.4.jar;C:\Users\Wilmer\.m2\repositoryPandero\com\sun\istack\istack-commons-runtime\4.1.2\istack-commons-runtime-4.1.2.jar;C:\Users\Wilmer\.m2\repositoryPandero\jakarta\inject\jakarta.inject-api\2.0.1\jakarta.inject-api-2.0.1.jar;C:\Users\Wilmer\.m2\repositoryPandero\org\antlr\antlr4-runtime\4.13.0\antlr4-runtime-4.13.0.jar;C:\Users\Wilmer\.m2\repositoryPandero\org\springframework\data\spring-data-jpa\3.2.2\spring-data-jpa-3.2.2.jar;C:\Users\Wilmer\.m2\repositoryPandero\org\springframework\data\spring-data-commons\3.2.2\spring-data-commons-3.2.2.jar;C:\Users\Wilmer\.m2\repositoryPandero\org\springframework\spring-orm\6.1.3\spring-orm-6.1.3.jar;C:\Users\Wilmer\.m2\repositoryPandero\org\springframework\spring-tx\6.1.3\spring-tx-6.1.3.jar;C:\Users\Wilmer\.m2\repositoryPandero\org\slf4j\slf4j-api\2.0.11\slf4j-api-2.0.11.jar;C:\Users\Wilmer\.m2\repositoryPandero\org\springframework\spring-aspects\6.1.3\spring-aspects-6.1.3.jar;C:\Users\Wilmer\.m2\repositoryPandero\org\springframework\boot\spring-boot-starter-validation\3.2.2\spring-boot-starter-validation-3.2.2.jar;C:\Users\Wilmer\.m2\repositoryPandero\org\apache\tomcat\embed\tomcat-embed-el\10.1.18\tomcat-embed-el-10.1.18.jar;C:\Users\Wilmer\.m2\repositoryPandero\org\hibernate\validator\hibernate-validator\8.0.1.Final\hibernate-validator-8.0.1.Final.jar;C:\Users\Wilmer\.m2\repositoryPandero\jakarta\validation\jakarta.validation-api\3.0.2\jakarta.validation-api-3.0.2.jar;C:\Users\Wilmer\.m2\repositoryPandero\org\springframework\boot\spring-boot-starter-security\3.2.2\spring-boot-starter-security-3.2.2.jar;C:\Users\Wilmer\.m2\repositoryPandero\org\springframework\spring-aop\6.1.3\spring-aop-6.1.3.jar;C:\Users\Wilmer\.m2\repositoryPandero\org\springframework\security\spring-security-config\6.2.1\spring-security-config-6.2.1.jar;C:\Users\Wilmer\.m2\repositoryPandero\org\springframework\security\spring-security-web\6.2.1\spring-security-web-6.2.1.jar;C:\Users\Wilmer\.m2\repositoryPandero\org\springframework\boot\spring-boot-starter-actuator\3.2.2\spring-boot-starter-actuator-3.2.2.jar;C:\Users\Wilmer\.m2\repositoryPandero\org\springframework\boot\spring-boot-actuator-autoconfigure\3.2.2\spring-boot-actuator-autoconfigure-3.2.2.jar;C:\Users\Wilmer\.m2\repositoryPandero\org\springframework\boot\spring-boot-actuator\3.2.2\spring-boot-actuator-3.2.2.jar;C:\Users\Wilmer\.m2\repositoryPandero\io\micrometer\micrometer-observation\1.12.2\micrometer-observation-1.12.2.jar;C:\Users\Wilmer\.m2\repositoryPandero\io\micrometer\micrometer-commons\1.12.2\micrometer-commons-1.12.2.jar;C:\Users\Wilmer\.m2\repositoryPandero\io\micrometer\micrometer-jakarta9\1.12.2\micrometer-jakarta9-1.12.2.jar;C:\Users\Wilmer\.m2\repositoryPandero\io\micrometer\micrometer-core\1.12.2\micrometer-core-1.12.2.jar;C:\Users\Wilmer\.m2\repositoryPandero\org\hdrhistogram\HdrHistogram\2.1.12\HdrHistogram-2.1.12.jar;C:\Users\Wilmer\.m2\repositoryPandero\org\latencyutils\LatencyUtils\2.0.3\LatencyUtils-2.0.3.jar;C:\Users\Wilmer\.m2\repositoryPandero\io\jsonwebtoken\jjwt\0.9.1\jjwt-0.9.1.jar;C:\Users\Wilmer\.m2\repositoryPandero\com\fasterxml\jackson\core\jackson-databind\2.15.3\jackson-databind-2.15.3.jar;C:\Users\Wilmer\.m2\repositoryPandero\com\fasterxml\jackson\core\jackson-annotations\2.15.3\jackson-annotations-2.15.3.jar;C:\Users\Wilmer\.m2\repositoryPandero\com\fasterxml\jackson\core\jackson-core\2.15.3\jackson-core-2.15.3.jar;C:\Users\Wilmer\.m2\repositoryPandero\javax\xml\bind\jaxb-api\2.3.1\jaxb-api-2.3.1.jar;C:\Users\Wilmer\.m2\repositoryPandero\javax\activation\javax.activation-api\1.2.0\javax.activation-api-1.2.0.jar;C:\Users\Wilmer\.m2\repositoryPandero\com\h2database\h2\2.2.224\h2-2.2.224.jar;C:\Users\Wilmer\.m2\repositoryPandero\org\projectlombok\lombok\1.18.30\lombok-1.18.30.jar;C:\Users\Wilmer\.m2\repositoryPandero\org\springdoc\springdoc-openapi-starter-webmvc-ui\2.0.2\springdoc-openapi-starter-webmvc-ui-2.0.2.jar;C:\Users\Wilmer\.m2\repositoryPandero\org\springdoc\springdoc-openapi-starter-webmvc-api\2.0.2\springdoc-openapi-starter-webmvc-api-2.0.2.jar;C:\Users\Wilmer\.m2\repositoryPandero\org\springdoc\springdoc-openapi-starter-common\2.0.2\springdoc-openapi-starter-common-2.0.2.jar;C:\Users\Wilmer\.m2\repositoryPandero\io\swagger\core\v3\swagger-core-jakarta\2.2.7\swagger-core-jakarta-2.2.7.jar;C:\Users\Wilmer\.m2\repositoryPandero\org\apache\commons\commons-lang3\3.13.0\commons-lang3-3.13.0.jar;C:\Users\Wilmer\.m2\repositoryPandero\io\swagger\core\v3\swagger-annotations-jakarta\2.2.7\swagger-annotations-jakarta-2.2.7.jar;C:\Users\Wilmer\.m2\repositoryPandero\io\swagger\core\v3\swagger-models-jakarta\2.2.7\swagger-models-jakarta-2.2.7.jar;C:\Users\Wilmer\.m2\repositoryPandero\com\fasterxml\jackson\dataformat\jackson-dataformat-yaml\2.15.3\jackson-dataformat-yaml-2.15.3.jar;C:\Users\Wilmer\.m2\repositoryPandero\org\webjars\swagger-ui\4.15.5\swagger-ui-4.15.5.jar;C:\Users\Wilmer\.m2\repositoryPandero\org\webjars\webjars-locator-core\0.55\webjars-locator-core-0.55.jar;C:\Users\Wilmer\.m2\repositoryPandero\io\github\classgraph\classgraph\4.8.149\classgraph-4.8.149.jar;C:\Users\Wilmer\.m2\repositoryPandero\org\springframework\boot\spring-boot-starter-test\3.2.2\spring-boot-starter-test-3.2.2.jar;C:\Users\Wilmer\.m2\repositoryPandero\org\springframework\boot\spring-boot-test\3.2.2\spring-boot-test-3.2.2.jar;C:\Users\Wilmer\.m2\repositoryPandero\org\springframework\boot\spring-boot-test-autoconfigure\3.2.2\spring-boot-test-autoconfigure-3.2.2.jar;C:\Users\Wilmer\.m2\repositoryPandero\com\jayway\jsonpath\json-path\2.8.0\json-path-2.8.0.jar;C:\Users\Wilmer\.m2\repositoryPandero\jakarta\xml\bind\jakarta.xml.bind-api\4.0.1\jakarta.xml.bind-api-4.0.1.jar;C:\Users\Wilmer\.m2\repositoryPandero\jakarta\activation\jakarta.activation-api\2.1.2\jakarta.activation-api-2.1.2.jar;C:\Users\Wilmer\.m2\repositoryPandero\net\minidev\json-smart\2.5.0\json-smart-2.5.0.jar;C:\Users\Wilmer\.m2\repositoryPandero\net\minidev\accessors-smart\2.5.0\accessors-smart-2.5.0.jar;C:\Users\Wilmer\.m2\repositoryPandero\org\ow2\asm\asm\9.3\asm-9.3.jar;C:\Users\Wilmer\.m2\repositoryPandero\org\assertj\assertj-core\3.24.2\assertj-core-3.24.2.jar;C:\Users\Wilmer\.m2\repositoryPandero\org\awaitility\awaitility\4.2.0\awaitility-4.2.0.jar;C:\Users\Wilmer\.m2\repositoryPandero\org\hamcrest\hamcrest\2.2\hamcrest-2.2.jar;C:\Users\Wilmer\.m2\repositoryPandero\org\junit\jupiter\junit-jupiter\5.10.1\junit-jupiter-5.10.1.jar;C:\Users\Wilmer\.m2\repositoryPandero\org\junit\jupiter\junit-jupiter-api\5.10.1\junit-jupiter-api-5.10.1.jar;C:\Users\Wilmer\.m2\repositoryPandero\org\opentest4j\opentest4j\1.3.0\opentest4j-1.3.0.jar;C:\Users\Wilmer\.m2\repositoryPandero\org\junit\platform\junit-platform-commons\1.10.1\junit-platform-commons-1.10.1.jar;C:\Users\Wilmer\.m2\repositoryPandero\org\apiguardian\apiguardian-api\1.1.2\apiguardian-api-1.1.2.jar;C:\Users\Wilmer\.m2\repositoryPandero\org\junit\jupiter\junit-jupiter-params\5.10.1\junit-jupiter-params-5.10.1.jar;C:\Users\Wilmer\.m2\repositoryPandero\org\junit\jupiter\junit-jupiter-engine\5.10.1\junit-jupiter-engine-5.10.1.jar;C:\Users\Wilmer\.m2\repositoryPandero\org\junit\platform\junit-platform-engine\1.10.1\junit-platform-engine-1.10.1.jar;C:\Users\Wilmer\.m2\repositoryPandero\org\mockito\mockito-core\5.7.0\mockito-core-5.7.0.jar;C:\Users\Wilmer\.m2\repositoryPandero\net\bytebuddy\byte-buddy-agent\1.14.11\byte-buddy-agent-1.14.11.jar;C:\Users\Wilmer\.m2\repositoryPandero\org\objenesis\objenesis\3.3\objenesis-3.3.jar;C:\Users\Wilmer\.m2\repositoryPandero\org\mockito\mockito-junit-jupiter\5.7.0\mockito-junit-jupiter-5.7.0.jar;C:\Users\Wilmer\.m2\repositoryPandero\org\skyscreamer\jsonassert\1.5.1\jsonassert-1.5.1.jar;C:\Users\Wilmer\.m2\repositoryPandero\com\vaadin\external\google\android-json\0.0.20131108.vaadin1\android-json-0.0.20131108.vaadin1.jar;C:\Users\Wilmer\.m2\repositoryPandero\org\springframework\spring-core\6.1.3\spring-core-6.1.3.jar;C:\Users\Wilmer\.m2\repositoryPandero\org\springframework\spring-jcl\6.1.3\spring-jcl-6.1.3.jar;C:\Users\Wilmer\.m2\repositoryPandero\org\springframework\spring-test\6.1.3\spring-test-6.1.3.jar;C:\Users\Wilmer\.m2\repositoryPandero\org\xmlunit\xmlunit-core\2.9.1\xmlunit-core-2.9.1.jar;C:\Users\Wilmer\.m2\repositoryPandero\org\springframework\security\spring-security-test\6.2.1\spring-security-test-6.2.1.jar;C:\Users\Wilmer\.m2\repositoryPandero\org\springframework\security\spring-security-core\6.2.1\spring-security-core-6.2.1.jar;C:\Users\Wilmer\.m2\repositoryPandero\org\springframework\security\spring-security-crypto\6.2.1\spring-security-crypto-6.2.1.jar;"/>
    <property name="java.vm.vendor" value="Oracle Corporation"/>
    <property name="sun.arch.data.model" value="64"/>
    <property name="user.variant" value=""/>
    <property name="java.vendor.url" value="https://java.oracle.com/"/>
    <property name="user.timezone" value="America/Bogota"/>
    <property name="org.jboss.logging.provider" value="slf4j"/>
    <property name="os.name" value="Windows 10"/>
    <property name="java.vm.specification.version" value="17"/>
    <property name="sun.java.launcher" value="SUN_STANDARD"/>
    <property name="user.country" value="ES"/>
    <property name="sun.boot.library.path" value="C:\Program Files\Java\jdk-17\bin"/>
    <property name="sun.java.command" value="C:\Users\Wilmer\AppData\Local\Temp\surefire8820466886585103743\surefirebooter-20240205114631735_3.jar C:\Users\Wilmer\AppData\Local\Temp\surefire8820466886585103743 2024-02-05T11-46-31_521-jvmRun1 surefire-20240205114631735_1tmp surefire_0-20240205114631735_2tmp"/>
    <property name="jdk.debug" value="release"/>
    <property name="surefire.test.class.path" value="D:\Proyectos\retos-tecnicos\SERMALUC\prueba-tecnica-sermaluc\target\test-classes;D:\Proyectos\retos-tecnicos\SERMALUC\prueba-tecnica-sermaluc\target\classes;C:\Users\Wilmer\.m2\repositoryPandero\org\springframework\boot\spring-boot-starter-web\3.2.2\spring-boot-starter-web-3.2.2.jar;C:\Users\Wilmer\.m2\repositoryPandero\org\springframework\boot\spring-boot-starter\3.2.2\spring-boot-starter-3.2.2.jar;C:\Users\Wilmer\.m2\repositoryPandero\org\springframework\boot\spring-boot\3.2.2\spring-boot-3.2.2.jar;C:\Users\Wilmer\.m2\repositoryPandero\org\springframework\boot\spring-boot-autoconfigure\3.2.2\spring-boot-autoconfigure-3.2.2.jar;C:\Users\Wilmer\.m2\repositoryPandero\org\springframework\boot\spring-boot-starter-logging\3.2.2\spring-boot-starter-logging-3.2.2.jar;C:\Users\Wilmer\.m2\repositoryPandero\ch\qos\logback\logback-classic\1.4.14\logback-classic-1.4.14.jar;C:\Users\Wilmer\.m2\repositoryPandero\ch\qos\logback\logback-core\1.4.14\logback-core-1.4.14.jar;C:\Users\Wilmer\.m2\repositoryPandero\org\apache\logging\log4j\log4j-to-slf4j\2.21.1\log4j-to-slf4j-2.21.1.jar;C:\Users\Wilmer\.m2\repositoryPandero\org\apache\logging\log4j\log4j-api\2.21.1\log4j-api-2.21.1.jar;C:\Users\Wilmer\.m2\repositoryPandero\org\slf4j\jul-to-slf4j\2.0.11\jul-to-slf4j-2.0.11.jar;C:\Users\Wilmer\.m2\repositoryPandero\jakarta\annotation\jakarta.annotation-api\2.1.1\jakarta.annotation-api-2.1.1.jar;C:\Users\Wilmer\.m2\repositoryPandero\org\yaml\snakeyaml\2.2\snakeyaml-2.2.jar;C:\Users\Wilmer\.m2\repositoryPandero\org\springframework\boot\spring-boot-starter-json\3.2.2\spring-boot-starter-json-3.2.2.jar;C:\Users\Wilmer\.m2\repositoryPandero\com\fasterxml\jackson\datatype\jackson-datatype-jdk8\2.15.3\jackson-datatype-jdk8-2.15.3.jar;C:\Users\Wilmer\.m2\repositoryPandero\com\fasterxml\jackson\datatype\jackson-datatype-jsr310\2.15.3\jackson-datatype-jsr310-2.15.3.jar;C:\Users\Wilmer\.m2\repositoryPandero\com\fasterxml\jackson\module\jackson-module-parameter-names\2.15.3\jackson-module-parameter-names-2.15.3.jar;C:\Users\Wilmer\.m2\repositoryPandero\org\springframework\boot\spring-boot-starter-tomcat\3.2.2\spring-boot-starter-tomcat-3.2.2.jar;C:\Users\Wilmer\.m2\repositoryPandero\org\apache\tomcat\embed\tomcat-embed-core\10.1.18\tomcat-embed-core-10.1.18.jar;C:\Users\Wilmer\.m2\repositoryPandero\org\apache\tomcat\embed\tomcat-embed-websocket\10.1.18\tomcat-embed-websocket-10.1.18.jar;C:\Users\Wilmer\.m2\repositoryPandero\org\springframework\spring-web\6.1.3\spring-web-6.1.3.jar;C:\Users\Wilmer\.m2\repositoryPandero\org\springframework\spring-beans\6.1.3\spring-beans-6.1.3.jar;C:\Users\Wilmer\.m2\repositoryPandero\org\springframework\spring-webmvc\6.1.3\spring-webmvc-6.1.3.jar;C:\Users\Wilmer\.m2\repositoryPandero\org\springframework\spring-context\6.1.3\spring-context-6.1.3.jar;C:\Users\Wilmer\.m2\repositoryPandero\org\springframework\spring-expression\6.1.3\spring-expression-6.1.3.jar;C:\Users\Wilmer\.m2\repositoryPandero\org\springframework\boot\spring-boot-starter-data-jpa\3.2.2\spring-boot-starter-data-jpa-3.2.2.jar;C:\Users\Wilmer\.m2\repositoryPandero\org\springframework\boot\spring-boot-starter-aop\3.2.2\spring-boot-starter-aop-3.2.2.jar;C:\Users\Wilmer\.m2\repositoryPandero\org\aspectj\aspectjweaver\1.9.21\aspectjweaver-1.9.21.jar;C:\Users\Wilmer\.m2\repositoryPandero\org\springframework\boot\spring-boot-starter-jdbc\3.2.2\spring-boot-starter-jdbc-3.2.2.jar;C:\Users\Wilmer\.m2\repositoryPandero\com\zaxxer\HikariCP\5.0.1\HikariCP-5.0.1.jar;C:\Users\Wilmer\.m2\repositoryPandero\org\springframework\spring-jdbc\6.1.3\spring-jdbc-6.1.3.jar;C:\Users\Wilmer\.m2\repositoryPandero\org\hibernate\orm\hibernate-core\6.4.1.Final\hibernate-core-6.4.1.Final.jar;C:\Users\Wilmer\.m2\repositoryPandero\jakarta\persistence\jakarta.persistence-api\3.1.0\jakarta.persistence-api-3.1.0.jar;C:\Users\Wilmer\.m2\repositoryPandero\jakarta\transaction\jakarta.transaction-api\2.0.1\jakarta.transaction-api-2.0.1.jar;C:\Users\Wilmer\.m2\repositoryPandero\org\jboss\logging\jboss-logging\3.5.3.Final\jboss-logging-3.5.3.Final.jar;C:\Users\Wilmer\.m2\repositoryPandero\org\hibernate\common\hibernate-commons-annotations\6.0.6.Final\hibernate-commons-annotations-6.0.6.Final.jar;C:\Users\Wilmer\.m2\repositoryPandero\io\smallrye\jandex\3.1.2\jandex-3.1.2.jar;C:\Users\Wilmer\.m2\repositoryPandero\com\fasterxml\classmate\1.6.0\classmate-1.6.0.jar;C:\Users\Wilmer\.m2\repositoryPandero\net\bytebuddy\byte-buddy\1.14.11\byte-buddy-1.14.11.jar;C:\Users\Wilmer\.m2\repositoryPandero\org\glassfish\jaxb\jaxb-runtime\4.0.4\jaxb-runtime-4.0.4.jar;C:\Users\Wilmer\.m2\repositoryPandero\org\glassfish\jaxb\jaxb-core\4.0.4\jaxb-core-4.0.4.jar;C:\Users\Wilmer\.m2\repositoryPandero\org\eclipse\angus\angus-activation\2.0.1\angus-activation-2.0.1.jar;C:\Users\Wilmer\.m2\repositoryPandero\org\glassfish\jaxb\txw2\4.0.4\txw2-4.0.4.jar;C:\Users\Wilmer\.m2\repositoryPandero\com\sun\istack\istack-commons-runtime\4.1.2\istack-commons-runtime-4.1.2.jar;C:\Users\Wilmer\.m2\repositoryPandero\jakarta\inject\jakarta.inject-api\2.0.1\jakarta.inject-api-2.0.1.jar;C:\Users\Wilmer\.m2\repositoryPandero\org\antlr\antlr4-runtime\4.13.0\antlr4-runtime-4.13.0.jar;C:\Users\Wilmer\.m2\repositoryPandero\org\springframework\data\spring-data-jpa\3.2.2\spring-data-jpa-3.2.2.jar;C:\Users\Wilmer\.m2\repositoryPandero\org\springframework\data\spring-data-commons\3.2.2\spring-data-commons-3.2.2.jar;C:\Users\Wilmer\.m2\repositoryPandero\org\springframework\spring-orm\6.1.3\spring-orm-6.1.3.jar;C:\Users\Wilmer\.m2\repositoryPandero\org\springframework\spring-tx\6.1.3\spring-tx-6.1.3.jar;C:\Users\Wilmer\.m2\repositoryPandero\org\slf4j\slf4j-api\2.0.11\slf4j-api-2.0.11.jar;C:\Users\Wilmer\.m2\repositoryPandero\org\springframework\spring-aspects\6.1.3\spring-aspects-6.1.3.jar;C:\Users\Wilmer\.m2\repositoryPandero\org\springframework\boot\spring-boot-starter-validation\3.2.2\spring-boot-starter-validation-3.2.2.jar;C:\Users\Wilmer\.m2\repositoryPandero\org\apache\tomcat\embed\tomcat-embed-el\10.1.18\tomcat-embed-el-10.1.18.jar;C:\Users\Wilmer\.m2\repositoryPandero\org\hibernate\validator\hibernate-validator\8.0.1.Final\hibernate-validator-8.0.1.Final.jar;C:\Users\Wilmer\.m2\repositoryPandero\jakarta\validation\jakarta.validation-api\3.0.2\jakarta.validation-api-3.0.2.jar;C:\Users\Wilmer\.m2\repositoryPandero\org\springframework\boot\spring-boot-starter-security\3.2.2\spring-boot-starter-security-3.2.2.jar;C:\Users\Wilmer\.m2\repositoryPandero\org\springframework\spring-aop\6.1.3\spring-aop-6.1.3.jar;C:\Users\Wilmer\.m2\repositoryPandero\org\springframework\security\spring-security-config\6.2.1\spring-security-config-6.2.1.jar;C:\Users\Wilmer\.m2\repositoryPandero\org\springframework\security\spring-security-web\6.2.1\spring-security-web-6.2.1.jar;C:\Users\Wilmer\.m2\repositoryPandero\org\springframework\boot\spring-boot-starter-actuator\3.2.2\spring-boot-starter-actuator-3.2.2.jar;C:\Users\Wilmer\.m2\repositoryPandero\org\springframework\boot\spring-boot-actuator-autoconfigure\3.2.2\spring-boot-actuator-autoconfigure-3.2.2.jar;C:\Users\Wilmer\.m2\repositoryPandero\org\springframework\boot\spring-boot-actuator\3.2.2\spring-boot-actuator-3.2.2.jar;C:\Users\Wilmer\.m2\repositoryPandero\io\micrometer\micrometer-observation\1.12.2\micrometer-observation-1.12.2.jar;C:\Users\Wilmer\.m2\repositoryPandero\io\micrometer\micrometer-commons\1.12.2\micrometer-commons-1.12.2.jar;C:\Users\Wilmer\.m2\repositoryPandero\io\micrometer\micrometer-jakarta9\1.12.2\micrometer-jakarta9-1.12.2.jar;C:\Users\Wilmer\.m2\repositoryPandero\io\micrometer\micrometer-core\1.12.2\micrometer-core-1.12.2.jar;C:\Users\Wilmer\.m2\repositoryPandero\org\hdrhistogram\HdrHistogram\2.1.12\HdrHistogram-2.1.12.jar;C:\Users\Wilmer\.m2\repositoryPandero\org\latencyutils\LatencyUtils\2.0.3\LatencyUtils-2.0.3.jar;C:\Users\Wilmer\.m2\repositoryPandero\io\jsonwebtoken\jjwt\0.9.1\jjwt-0.9.1.jar;C:\Users\Wilmer\.m2\repositoryPandero\com\fasterxml\jackson\core\jackson-databind\2.15.3\jackson-databind-2.15.3.jar;C:\Users\Wilmer\.m2\repositoryPandero\com\fasterxml\jackson\core\jackson-annotations\2.15.3\jackson-annotations-2.15.3.jar;C:\Users\Wilmer\.m2\repositoryPandero\com\fasterxml\jackson\core\jackson-core\2.15.3\jackson-core-2.15.3.jar;C:\Users\Wilmer\.m2\repositoryPandero\javax\xml\bind\jaxb-api\2.3.1\jaxb-api-2.3.1.jar;C:\Users\Wilmer\.m2\repositoryPandero\javax\activation\javax.activation-api\1.2.0\javax.activation-api-1.2.0.jar;C:\Users\Wilmer\.m2\repositoryPandero\com\h2database\h2\2.2.224\h2-2.2.224.jar;C:\Users\Wilmer\.m2\repositoryPandero\org\projectlombok\lombok\1.18.30\lombok-1.18.30.jar;C:\Users\Wilmer\.m2\repositoryPandero\org\springdoc\springdoc-openapi-starter-webmvc-ui\2.0.2\springdoc-openapi-starter-webmvc-ui-2.0.2.jar;C:\Users\Wilmer\.m2\repositoryPandero\org\springdoc\springdoc-openapi-starter-webmvc-api\2.0.2\springdoc-openapi-starter-webmvc-api-2.0.2.jar;C:\Users\Wilmer\.m2\repositoryPandero\org\springdoc\springdoc-openapi-starter-common\2.0.2\springdoc-openapi-starter-common-2.0.2.jar;C:\Users\Wilmer\.m2\repositoryPandero\io\swagger\core\v3\swagger-core-jakarta\2.2.7\swagger-core-jakarta-2.2.7.jar;C:\Users\Wilmer\.m2\repositoryPandero\org\apache\commons\commons-lang3\3.13.0\commons-lang3-3.13.0.jar;C:\Users\Wilmer\.m2\repositoryPandero\io\swagger\core\v3\swagger-annotations-jakarta\2.2.7\swagger-annotations-jakarta-2.2.7.jar;C:\Users\Wilmer\.m2\repositoryPandero\io\swagger\core\v3\swagger-models-jakarta\2.2.7\swagger-models-jakarta-2.2.7.jar;C:\Users\Wilmer\.m2\repositoryPandero\com\fasterxml\jackson\dataformat\jackson-dataformat-yaml\2.15.3\jackson-dataformat-yaml-2.15.3.jar;C:\Users\Wilmer\.m2\repositoryPandero\org\webjars\swagger-ui\4.15.5\swagger-ui-4.15.5.jar;C:\Users\Wilmer\.m2\repositoryPandero\org\webjars\webjars-locator-core\0.55\webjars-locator-core-0.55.jar;C:\Users\Wilmer\.m2\repositoryPandero\io\github\classgraph\classgraph\4.8.149\classgraph-4.8.149.jar;C:\Users\Wilmer\.m2\repositoryPandero\org\springframework\boot\spring-boot-starter-test\3.2.2\spring-boot-starter-test-3.2.2.jar;C:\Users\Wilmer\.m2\repositoryPandero\org\springframework\boot\spring-boot-test\3.2.2\spring-boot-test-3.2.2.jar;C:\Users\Wilmer\.m2\repositoryPandero\org\springframework\boot\spring-boot-test-autoconfigure\3.2.2\spring-boot-test-autoconfigure-3.2.2.jar;C:\Users\Wilmer\.m2\repositoryPandero\com\jayway\jsonpath\json-path\2.8.0\json-path-2.8.0.jar;C:\Users\Wilmer\.m2\repositoryPandero\jakarta\xml\bind\jakarta.xml.bind-api\4.0.1\jakarta.xml.bind-api-4.0.1.jar;C:\Users\Wilmer\.m2\repositoryPandero\jakarta\activation\jakarta.activation-api\2.1.2\jakarta.activation-api-2.1.2.jar;C:\Users\Wilmer\.m2\repositoryPandero\net\minidev\json-smart\2.5.0\json-smart-2.5.0.jar;C:\Users\Wilmer\.m2\repositoryPandero\net\minidev\accessors-smart\2.5.0\accessors-smart-2.5.0.jar;C:\Users\Wilmer\.m2\repositoryPandero\org\ow2\asm\asm\9.3\asm-9.3.jar;C:\Users\Wilmer\.m2\repositoryPandero\org\assertj\assertj-core\3.24.2\assertj-core-3.24.2.jar;C:\Users\Wilmer\.m2\repositoryPandero\org\awaitility\awaitility\4.2.0\awaitility-4.2.0.jar;C:\Users\Wilmer\.m2\repositoryPandero\org\hamcrest\hamcrest\2.2\hamcrest-2.2.jar;C:\Users\Wilmer\.m2\repositoryPandero\org\junit\jupiter\junit-jupiter\5.10.1\junit-jupiter-5.10.1.jar;C:\Users\Wilmer\.m2\repositoryPandero\org\junit\jupiter\junit-jupiter-api\5.10.1\junit-jupiter-api-5.10.1.jar;C:\Users\Wilmer\.m2\repositoryPandero\org\opentest4j\opentest4j\1.3.0\opentest4j-1.3.0.jar;C:\Users\Wilmer\.m2\repositoryPandero\org\junit\platform\junit-platform-commons\1.10.1\junit-platform-commons-1.10.1.jar;C:\Users\Wilmer\.m2\repositoryPandero\org\apiguardian\apiguardian-api\1.1.2\apiguardian-api-1.1.2.jar;C:\Users\Wilmer\.m2\repositoryPandero\org\junit\jupiter\junit-jupiter-params\5.10.1\junit-jupiter-params-5.10.1.jar;C:\Users\Wilmer\.m2\repositoryPandero\org\junit\jupiter\junit-jupiter-engine\5.10.1\junit-jupiter-engine-5.10.1.jar;C:\Users\Wilmer\.m2\repositoryPandero\org\junit\platform\junit-platform-engine\1.10.1\junit-platform-engine-1.10.1.jar;C:\Users\Wilmer\.m2\repositoryPandero\org\mockito\mockito-core\5.7.0\mockito-core-5.7.0.jar;C:\Users\Wilmer\.m2\repositoryPandero\net\bytebuddy\byte-buddy-agent\1.14.11\byte-buddy-agent-1.14.11.jar;C:\Users\Wilmer\.m2\repositoryPandero\org\objenesis\objenesis\3.3\objenesis-3.3.jar;C:\Users\Wilmer\.m2\repositoryPandero\org\mockito\mockito-junit-jupiter\5.7.0\mockito-junit-jupiter-5.7.0.jar;C:\Users\Wilmer\.m2\repositoryPandero\org\skyscreamer\jsonassert\1.5.1\jsonassert-1.5.1.jar;C:\Users\Wilmer\.m2\repositoryPandero\com\vaadin\external\google\android-json\0.0.20131108.vaadin1\android-json-0.0.20131108.vaadin1.jar;C:\Users\Wilmer\.m2\repositoryPandero\org\springframework\spring-core\6.1.3\spring-core-6.1.3.jar;C:\Users\Wilmer\.m2\repositoryPandero\org\springframework\spring-jcl\6.1.3\spring-jcl-6.1.3.jar;C:\Users\Wilmer\.m2\repositoryPandero\org\springframework\spring-test\6.1.3\spring-test-6.1.3.jar;C:\Users\Wilmer\.m2\repositoryPandero\org\xmlunit\xmlunit-core\2.9.1\xmlunit-core-2.9.1.jar;C:\Users\Wilmer\.m2\repositoryPandero\org\springframework\security\spring-security-test\6.2.1\spring-security-test-6.2.1.jar;C:\Users\Wilmer\.m2\repositoryPandero\org\springframework\security\spring-security-core\6.2.1\spring-security-core-6.2.1.jar;C:\Users\Wilmer\.m2\repositoryPandero\org\springframework\security\spring-security-crypto\6.2.1\spring-security-crypto-6.2.1.jar;"/>
    <property name="sun.cpu.endian" value="little"/>
    <property name="user.home" value="C:\Users\Wilmer"/>
    <property name="user.language" value="es"/>
    <property name="java.specification.vendor" value="Oracle Corporation"/>
    <property name="java.version.date" value="2023-04-18"/>
    <property name="java.home" value="C:\Program Files\Java\jdk-17"/>
    <property name="file.separator" value="\"/>
    <property name="basedir" value="D:\Proyectos\retos-tecnicos\SERMALUC\prueba-tecnica-sermaluc"/>
    <property name="java.vm.compressedOopsMode" value="Zero based"/>
    <property name="line.separator" value="&#10;"/>
    <property name="java.vm.specification.vendor" value="Oracle Corporation"/>
    <property name="java.specification.name" value="Java Platform API Specification"/>
    <property name="FILE_LOG_CHARSET" value="UTF-8"/>
    <property name="java.awt.headless" value="true"/>
    <property name="surefire.real.class.path" value="C:\Users\Wilmer\AppData\Local\Temp\surefire8820466886585103743\surefirebooter-20240205114631735_3.jar"/>
    <property name="user.script" value=""/>
    <property name="sun.management.compiler" value="HotSpot 64-Bit Tiered Compilers"/>
    <property name="java.runtime.version" value="17.0.7+8-LTS-224"/>
    <property name="user.name" value="Wilmer"/>
    <property name="path.separator" value=";"/>
    <property name="os.version" value="10.0"/>
    <property name="java.runtime.name" value="Java(TM) SE Runtime Environment"/>
    <property name="file.encoding" value="UTF-8"/>
    <property name="java.vm.name" value="Java HotSpot(TM) 64-Bit Server VM"/>
    <property name="localRepository" value="C:\Users\Wilmer\.m2\repositoryPandero"/>
    <property name="java.vendor.url.bug" value="https://bugreport.java.com/bugreport/"/>
    <property name="java.io.tmpdir" value="C:\Users\Wilmer\AppData\Local\Temp\"/>
    <property name="idea.version" value="2023.2.5"/>
    <property name="com.zaxxer.hikari.pool_number" value="1"/>
    <property name="java.version" value="17.0.7"/>
    <property name="user.dir" value="D:\Proyectos\retos-tecnicos\SERMALUC\prueba-tecnica-sermaluc"/>
    <property name="os.arch" value="amd64"/>
    <property name="java.vm.specification.name" value="Java Virtual Machine Specification"/>
    <property name="PID" value="92664"/>
    <property name="sun.os.patch.level" value=""/>
    <property name="CONSOLE_LOG_CHARSET" value="UTF-8"/>
    <property name="native.encoding" value="UTF-8"/>
    <property name="java.library.path" value="C:\Program Files\Java\jdk-17\bin;C:\Windows\Sun\Java\bin;C:\Windows\system32;C:\Windows;C:\Program Files\Common Files\Oracle\Java\javapath;C:\Program Files (x86)\VMware\VMware Workstation\bin\;C:\Program Files (x86)\Common Files\Oracle\Java\javapath;C:\Windows\system32;C:\Windows;C:\Windows\System32\Wbem;C:\Windows\System32\WindowsPowerShell\v1.0\;C:\Windows\System32\OpenSSH\;C:\Program Files\NVIDIA Corporation\NVIDIA NvDLISR;C:\Program Files (x86)\NVIDIA Corporation\PhysX\Common;D:\Proyectos\TATA\apache-maven-3.6.3-bin\apache-maven-3.6.3\bin;C:\Program Files\Git\cmd;C:\Program Files\Amazon\AWSCLIV2\;C:\Program Files\Docker\Docker\resources\bin;C:\ProgramData\DockerDesktop\version-bin;C:\Users\Wilmer\Desktop\sonarqube-scanner\sonarqube-scanner\bin;C:\Program Files\Java\jdk1.8.0_241\bin;C:\Program Files (x86)\Microsoft SQL Server\150\DTS\Binn\;C:\Program Files\Azure Data Studio\bin;C:\Program Files\dotnet\;C:\Program Files\Microsoft SQL Server\130\Tools\Binn\;C:\Program Files\Microsoft SQL Server\Client SDK\ODBC\170\Tools\Binn\;C:\Program Files (x86)\Microsoft SQL Server\150\Tools\Binn\;C:\Program Files\Microsoft SQL Server\150\Tools\Binn\;C:\Program Files\Microsoft SQL Server\150\DTS\Binn\;C:\Users\Wilmer\AppData\Roaming\nvm;C:\Program Files\nodejs;C:\Program Files\PuTTY\;C:\Users\Wilmer\AppData\Local\Programs\Python\Python39\Scripts\;C:\Users\Wilmer\AppData\Local\Programs\Python\Python39\;C:\Users\Wilmer\AppData\Local\Microsoft\WindowsApps;C:\Users\Wilmer\AppData\Roaming\npm;C:\Users\Wilmer\AppData\Local\Programs\Microsoft VS Code\bin;C:\Program Files\JetBrains\WebStorm 2021.1.2\bin;C:\Users\Wilmer\.dotnet\tools;C:\Program Files\vtex\bin;C:\Users\Wilmer\AppData\Local\GitHubDesktop\bin;C:\Program Files\JetBrains\IntelliJ IDEA 2023.2.5\bin;."/>
    <property name="java.vm.info" value="mixed mode, sharing"/>
    <property name="java.vendor" value="Oracle Corporation"/>
    <property name="java.vm.version" value="17.0.7+8-LTS-224"/>
    <property name="sun.io.unicode.encoding" value="UnicodeLittle"/>
    <property name="java.class.version" value="61.0"/>
    <property name="LOGGED_APPLICATION_NAME" value="[reto-tecnico-sermaluc] "/>
  </properties>
  <testcase name="contextLoads" classname="com.reto.tecnico.wilmer.sermaluc.SermalucApplicationTests" time="0.016">
    <system-out><![CDATA[11:46:35.089 [main] INFO org.springframework.test.context.support.AnnotationConfigContextLoaderUtils -- Could not detect default configuration classes for test class [com.reto.tecnico.wilmer.sermaluc.SermalucApplicationTests]: SermalucApplicationTests does not declare any static, non-private, non-final, nested classes annotated with @Configuration.
11:46:35.231 [main] INFO org.springframework.boot.test.context.SpringBootTestContextBootstrapper -- Found @SpringBootConfiguration com.reto.tecnico.wilmer.sermaluc.SermalucApplication for test class com.reto.tecnico.wilmer.sermaluc.SermalucApplicationTests

  .   ____          _            __ _ _
 /\\ / ___'_ __ _ _(_)_ __  __ _ \ \ \ \
( ( )\___ | '_ | '_| | '_ \/ _` | \ \ \ \
 \\/  ___)| |_)| | | | | || (_| |  ) ) ) )
  '  |____| .__|_| |_|_| |_\__, | / / / /
 =========|_|==============|___/=/_/_/_/
 :: Spring Boot ::                (v3.2.2)

2024-02-05T11:46:35.727-05:00  INFO 92664 --- [reto-tecnico-sermaluc] [           main] c.r.t.w.s.SermalucApplicationTests       : Starting SermalucApplicationTests using Java 17.0.7 with PID 92664 (started by Wilmer in D:\Proyectos\retos-tecnicos\SERMALUC\prueba-tecnica-sermaluc)
2024-02-05T11:46:35.729-05:00  INFO 92664 --- [reto-tecnico-sermaluc] [           main] c.r.t.w.s.SermalucApplicationTests       : No active profile set, falling back to 1 default profile: "default"
2024-02-05T11:46:37.029-05:00  INFO 92664 --- [reto-tecnico-sermaluc] [           main] .s.d.r.c.RepositoryConfigurationDelegate : Bootstrapping Spring Data JPA repositories in DEFAULT mode.
2024-02-05T11:46:37.108-05:00  INFO 92664 --- [reto-tecnico-sermaluc] [           main] .s.d.r.c.RepositoryConfigurationDelegate : Finished Spring Data repository scanning in 69 ms. Found 1 JPA repository interface.
2024-02-05T11:46:37.887-05:00  INFO 92664 --- [reto-tecnico-sermaluc] [           main] com.zaxxer.hikari.HikariDataSource       : HikariPool-1 - Starting...
2024-02-05T11:46:38.140-05:00  INFO 92664 --- [reto-tecnico-sermaluc] [           main] com.zaxxer.hikari.pool.HikariPool        : HikariPool-1 - Added connection conn0: url=jdbc:h2:mem:testdb user=WILMER
2024-02-05T11:46:38.141-05:00  INFO 92664 --- [reto-tecnico-sermaluc] [           main] com.zaxxer.hikari.HikariDataSource       : HikariPool-1 - Start completed.
2024-02-05T11:46:38.190-05:00  INFO 92664 --- [reto-tecnico-sermaluc] [           main] o.hibernate.jpa.internal.util.LogHelper  : HHH000204: Processing PersistenceUnitInfo [name: default]
2024-02-05T11:46:38.260-05:00  INFO 92664 --- [reto-tecnico-sermaluc] [           main] org.hibernate.Version                    : HHH000412: Hibernate ORM core version 6.4.1.Final
2024-02-05T11:46:38.309-05:00  INFO 92664 --- [reto-tecnico-sermaluc] [           main] o.h.c.internal.RegionFactoryInitiator    : HHH000026: Second-level cache disabled
2024-02-05T11:46:38.457-05:00  INFO 92664 --- [reto-tecnico-sermaluc] [           main] o.s.o.j.p.SpringPersistenceUnitInfo      : No LoadTimeWeaver setup: ignoring JPA class transformer
2024-02-05T11:46:38.519-05:00  WARN 92664 --- [reto-tecnico-sermaluc] [           main] org.hibernate.orm.deprecation            : HHH90000025: H2Dialect does not need to be specified explicitly using 'hibernate.dialect' (remove the property setting and it will be selected by default)
2024-02-05T11:46:39.423-05:00  INFO 92664 --- [reto-tecnico-sermaluc] [           main] o.h.e.t.j.p.i.JtaPlatformInitiator       : HHH000489: No JTA platform available (set 'hibernate.transaction.jta.platform' to enable JTA platform integration)
2024-02-05T11:46:39.442-05:00 DEBUG 92664 --- [reto-tecnico-sermaluc] [           main] org.hibernate.SQL                        : drop table if exists phone cascade 
Hibernate: drop table if exists phone cascade 
2024-02-05T11:46:39.446-05:00 DEBUG 92664 --- [reto-tecnico-sermaluc] [           main] org.hibernate.SQL                        : drop table if exists users cascade 
Hibernate: drop table if exists users cascade 
2024-02-05T11:46:39.447-05:00 DEBUG 92664 --- [reto-tecnico-sermaluc] [           main] org.hibernate.SQL                        : drop table if exists users_phones cascade 
Hibernate: drop table if exists users_phones cascade 
2024-02-05T11:46:39.452-05:00 DEBUG 92664 --- [reto-tecnico-sermaluc] [           main] org.hibernate.SQL                        : create table phone (number varchar(10), id uuid not null, citycode varchar(255), countrycode varchar(255), primary key (id))
Hibernate: create table phone (number varchar(10), id uuid not null, citycode varchar(255), countrycode varchar(255), primary key (id))
2024-02-05T11:46:39.458-05:00 DEBUG 92664 --- [reto-tecnico-sermaluc] [           main] org.hibernate.SQL                        : create table users (is_active boolean, created timestamp(6), last_login timestamp(6), modified timestamp(6), id uuid not null, name varchar(50), email varchar(255), expression_regualr varchar(255), password varchar(255), primary key (id))
Hibernate: create table users (is_active boolean, created timestamp(6), last_login timestamp(6), modified timestamp(6), id uuid not null, name varchar(50), email varchar(255), expression_regualr varchar(255), password varchar(255), primary key (id))
2024-02-05T11:46:39.461-05:00 DEBUG 92664 --- [reto-tecnico-sermaluc] [           main] org.hibernate.SQL                        : create table users_phones (phones_id uuid not null unique, users_id uuid not null)
Hibernate: create table users_phones (phones_id uuid not null unique, users_id uuid not null)
2024-02-05T11:46:39.462-05:00 DEBUG 92664 --- [reto-tecnico-sermaluc] [           main] org.hibernate.SQL                        : alter table if exists users_phones add constraint FK8eeg9wwccs2e4nu6snte56l6a foreign key (phones_id) references phone
Hibernate: alter table if exists users_phones add constraint FK8eeg9wwccs2e4nu6snte56l6a foreign key (phones_id) references phone
2024-02-05T11:46:39.474-05:00 DEBUG 92664 --- [reto-tecnico-sermaluc] [           main] org.hibernate.SQL                        : alter table if exists users_phones add constraint FK4hciu73mjid5jprwgt2kyysiq foreign key (users_id) references users
Hibernate: alter table if exists users_phones add constraint FK4hciu73mjid5jprwgt2kyysiq foreign key (users_id) references users
2024-02-05T11:46:39.479-05:00  INFO 92664 --- [reto-tecnico-sermaluc] [           main] j.LocalContainerEntityManagerFactoryBean : Initialized JPA EntityManagerFactory for persistence unit 'default'
2024-02-05T11:46:40.240-05:00  WARN 92664 --- [reto-tecnico-sermaluc] [           main] JpaBaseConfiguration$JpaWebConfiguration : spring.jpa.open-in-view is enabled by default. Therefore, database queries may be performed during view rendering. Explicitly configure spring.jpa.open-in-view to disable this warning
2024-02-05T11:46:41.661-05:00  INFO 92664 --- [reto-tecnico-sermaluc] [           main] o.s.b.a.e.web.EndpointLinksResolver      : Exposing 1 endpoint(s) beneath base path '/actuator'
2024-02-05T11:46:41.824-05:00  INFO 92664 --- [reto-tecnico-sermaluc] [           main] o.s.s.web.DefaultSecurityFilterChain     : Will secure any request with [org.springframework.security.web.session.DisableEncodeUrlFilter@7c4b5d13, org.springframework.security.web.context.request.async.WebAsyncManagerIntegrationFilter@201cc412, org.springframework.security.web.context.SecurityContextHolderFilter@154c4f66, org.springframework.security.web.header.HeaderWriterFilter@10b6a807, org.springframework.web.filter.CorsFilter@23707d5d, org.springframework.security.web.authentication.logout.LogoutFilter@1e1908ab, com.reto.tecnico.wilmer.sermaluc.security.filter.JwtRequestFilter@71cf6e8c, org.springframework.security.web.savedrequest.RequestCacheAwareFilter@130e2aef, org.springframework.security.web.servletapi.SecurityContextHolderAwareRequestFilter@4ab0ebf0, org.springframework.security.web.authentication.AnonymousAuthenticationFilter@5fa49615, org.springframework.security.web.session.SessionManagementFilter@5649a3e8, org.springframework.security.web.access.ExceptionTranslationFilter@1f978bb1, org.springframework.security.web.access.intercept.AuthorizationFilter@22479830]
2024-02-05T11:46:42.473-05:00  INFO 92664 --- [reto-tecnico-sermaluc] [           main] o.s.b.a.h2.H2ConsoleAutoConfiguration    : H2 console available at '/h2-console'. Database available at 'jdbc:h2:mem:testdb'
2024-02-05T11:46:42.668-05:00  INFO 92664 --- [reto-tecnico-sermaluc] [           main] c.r.t.w.s.SermalucApplicationTests       : Started SermalucApplicationTests in 7.259 seconds (process running for 10.809)
]]></system-out>
  </testcase>
</testsuite>